C51 COMPILER V9.60.0.0   TOGGLEALLBITS                                                     11/30/2022 15:07:51 PAGE 1   


C51 COMPILER V9.60.0.0, COMPILATION OF MODULE TOGGLEALLBITS
OBJECT MODULE PLACED IN .\Objects\toggleAllBits.obj
COMPILER INVOKED BY: C:\Keil_v5\C51\BIN\C51.EXE toggleAllBits.c OPTIMIZE(8,SPEED) BROWSE DEBUG OBJECTEXTEND PRINT(.\List
                    -ings\toggleAllBits.lst) TABS(2) OBJECT(.\Objects\toggleAllBits.obj)

line level    source

   1          #include<reg51.h>
   2          sbit led1=P1^0;
   3          sbit led2=P1^1;
   4          sbit led3=P1^2;
   5          sbit led4=P1^3;
   6          sbit led5=P1^4;
   7          sbit led6=P1^5;
   8          sbit led7=P1^6;
   9          sbit led8=P1^7;
  10          
  11          void delay(unsigned int);
  12          void main(void)
  13          {
  14   1          while(1)
  15   1          {
  16   2          led1=1;
  17   2              delay(25000);
  18   2          led1=0;
  19   2              delay(25000);
  20   2            
  21   2          led2=1;
  22   2              delay(25000);
  23   2          led2=0;
  24   2              delay(25000);
  25   2          
  26   2            led3=1;
  27   2              delay(25000);
  28   2          led3=0;
  29   2              delay(25000);
  30   2          
  31   2            led4=1;
  32   2              delay(25000);
  33   2          led4=0;
  34   2              delay(25000);
  35   2          
  36   2            led5=1;
  37   2              delay(25000);
  38   2            led5=0;
  39   2              delay(25000);
  40   2          
  41   2          led6=1;
  42   2              delay(25000);
  43   2          led6=0;
  44   2              delay(25000);
  45   2          
  46   2          led7=1;
  47   2              delay(25000);
  48   2          led7=0;
  49   2              delay(25000);
  50   2          
  51   2          led8=1;
  52   2              delay(25000);
  53   2          led8=0;
  54   2              delay(25000);
C51 COMPILER V9.60.0.0   TOGGLEALLBITS                                                     11/30/2022 15:07:51 PAGE 2   

  55   2            
  56   2          }
  57   1      }
  58          void delay(unsigned int itm)
  59          {
  60   1      unsigned int delay;
  61   1          for(delay=0;delay<itm;delay++);
  62   1      }


MODULE INFORMATION:   STATIC OVERLAYABLE
   CODE SIZE        =    105    ----
   CONSTANT SIZE    =   ----    ----
   XDATA SIZE       =   ----    ----
   PDATA SIZE       =   ----    ----
   DATA SIZE        =   ----    ----
   IDATA SIZE       =   ----    ----
   BIT SIZE         =   ----    ----
END OF MODULE INFORMATION.


C51 COMPILATION COMPLETE.  0 WARNING(S),  0 ERROR(S)
